Content-Type: text/plain; charset="utf-8"
MIME-Version: 1.0
Content-Transfer-Encoding: 8bit
Subject: =?utf-8?q?Reinicio_de_contrase=C3=B1a_en_127=2E0=2E0=2E1=3A8000?=
From: webmaster@localhost
To: dahiebl@gmail.com
Date: Sat, 29 Jul 2023 11:49:33 -0000
Message-ID: <169063137378.12968.566902538443578404@DESKTOP-5SVCPNH>



Saludos Darian Hiebl,


Estas recibiendo este correro porque tu (o alguien jugando a ser tu)
solicito que tu contraseña fuera restablecida en el sitio 127.0.0.1:8000. Si no quieres
restablecer tu contraseña, desestima este mensaje.



Para restablecer tu contraseña sigue las instrucciones del siguiente enlace


<a rel="noreferrer" href="http://127.0.0.1:8000/accounts/reset/MTQ/bs3cil-6420627d3fc457a038efe8dd92f9263c/">
  http://127.0.0.1:8000/accounts/reset/MTQ/bs3cil-6420627d3fc457a038efe8dd92f9263c/
</a>

tu nombre de usuario, en caso te hayas olvidado: dahiebl


Cordialmente,
127.0.0.1:8000 Green13
-------------------------------------------------------------------------------
