Content-Type: text/plain; charset="utf-8"
MIME-Version: 1.0
Content-Transfer-Encoding: 8bit
Subject: =?utf-8?q?Reinicio_de_contrase=C3=B1a_en_127=2E0=2E0=2E1=3A8000?=
From: webmaster@localhost
To: dahiebl@gmail.com
Date: Sat, 29 Jul 2023 11:59:34 -0000
Message-ID: <169063197401.12968.994680573301651458@DESKTOP-5SVCPNH>



Saludos Darian Hiebl,


Estas recibiendo este correro porque tu (o alguien jugando a ser tu)
solicito que tu contraseña fuera restablecida en el sitio 127.0.0.1:8000. Si no quieres
restablecer tu contraseña, desestima este mensaje.



Para restablecer tu contraseña sigue las instrucciones del siguiente enlace


<a rel="noreferrer" href="http://127.0.0.1:8000/accounts/reset/MQ/bs3cza-1e10d80a29f751c6a9f0f11f03360b61/">
  http://127.0.0.1:8000/accounts/reset/MQ/bs3cza-1e10d80a29f751c6a9f0f11f03360b61/
</a>

tu nombre de usuario, en caso te hayas olvidado: darian


Cordialmente,
127.0.0.1:8000 Green13
-------------------------------------------------------------------------------
