Content-Type: text/plain; charset="utf-8"
MIME-Version: 1.0
Content-Transfer-Encoding: 8bit
Subject: =?utf-8?q?Reinicio_de_contrase=C3=B1a_en_127=2E0=2E0=2E1=3A8000?=
From: webmaster@localhost
To: dahiebl@gmail.com
Date: Sat, 29 Jul 2023 11:59:34 -0000
Message-ID: <169063197403.12968.14543760142304759466@DESKTOP-5SVCPNH>



Saludos Darian Hiebl,


Estas recibiendo este correro porque tu (o alguien jugando a ser tu)
solicito que tu contraseña fuera restablecida en el sitio 127.0.0.1:8000. Si no quieres
restablecer tu contraseña, desestima este mensaje.



Para restablecer tu contraseña sigue las instrucciones del siguiente enlace


<a rel="noreferrer" href="http://127.0.0.1:8000/accounts/reset/MTY/bs3cza-cf9e7a4c388da2c04688bd73dd34b50e/">
  http://127.0.0.1:8000/accounts/reset/MTY/bs3cza-cf9e7a4c388da2c04688bd73dd34b50e/
</a>

tu nombre de usuario, en caso te hayas olvidado: nuevo


Cordialmente,
127.0.0.1:8000 Green13
-------------------------------------------------------------------------------
