Content-Type: text/plain; charset="utf-8"
MIME-Version: 1.0
Content-Transfer-Encoding: 8bit
Subject: =?utf-8?q?Reinicio_de_contrase=C3=B1a_en_127=2E0=2E0=2E1=3A8000?=
From: webmaster@localhost
To: dahiebl@gmail.com
Date: Sat, 29 Jul 2023 11:59:34 -0000
Message-ID: <169063197402.12968.11981671002997503172@DESKTOP-5SVCPNH>



Saludos dari,


Estas recibiendo este correro porque tu (o alguien jugando a ser tu)
solicito que tu contraseña fuera restablecida en el sitio 127.0.0.1:8000. Si no quieres
restablecer tu contraseña, desestima este mensaje.



Para restablecer tu contraseña sigue las instrucciones del siguiente enlace


<a rel="noreferrer" href="http://127.0.0.1:8000/accounts/reset/MTU/bs3cza-3d3b7d642fa7ef34795c2e7de2715e84/">
  http://127.0.0.1:8000/accounts/reset/MTU/bs3cza-3d3b7d642fa7ef34795c2e7de2715e84/
</a>

tu nombre de usuario, en caso te hayas olvidado: dari


Cordialmente,
127.0.0.1:8000 Green13
-------------------------------------------------------------------------------
